mode: atomic
github.com/jojoarianto/vending-machine-cli/utils/coin.go:16.32,17.34 1 5
github.com/jojoarianto/vending-machine-cli/utils/coin.go:22.2,22.14 1 2
github.com/jojoarianto/vending-machine-cli/utils/coin.go:17.34,18.26 1 16
github.com/jojoarianto/vending-machine-cli/utils/coin.go:18.26,20.4 1 3
github.com/jojoarianto/vending-machine-cli/utils/coin.go:28.52,29.30 1 3
github.com/jojoarianto/vending-machine-cli/utils/coin.go:33.2,33.18 1 3
github.com/jojoarianto/vending-machine-cli/utils/coin.go:29.30,31.3 1 3
github.com/jojoarianto/vending-machine-cli/utils/coin.go:40.72,42.22 1 3
github.com/jojoarianto/vending-machine-cli/utils/coin.go:56.2,57.8 2 3
github.com/jojoarianto/vending-machine-cli/utils/coin.go:42.22,43.23 1 12
github.com/jojoarianto/vending-machine-cli/utils/coin.go:49.3,49.22 1 10
github.com/jojoarianto/vending-machine-cli/utils/coin.go:43.23,46.12 3 2
github.com/jojoarianto/vending-machine-cli/utils/coin.go:49.22,52.12 3 10
github.com/jojoarianto/vending-machine-cli/utils/msgbuilder.go:11.26,17.2 2 0
github.com/jojoarianto/vending-machine-cli/utils/msgbuilder.go:23.44,39.46 3 1
github.com/jojoarianto/vending-machine-cli/utils/msgbuilder.go:43.2,48.12 5 1
github.com/jojoarianto/vending-machine-cli/utils/msgbuilder.go:39.46,41.3 1 1
github.com/jojoarianto/vending-machine-cli/utils/msgbuilder.go:51.66,56.31 3 3
github.com/jojoarianto/vending-machine-cli/utils/msgbuilder.go:68.2,68.12 1 3
github.com/jojoarianto/vending-machine-cli/utils/msgbuilder.go:56.31,58.21 2 9
github.com/jojoarianto/vending-machine-cli/utils/msgbuilder.go:62.3,62.51 1 9
github.com/jojoarianto/vending-machine-cli/utils/msgbuilder.go:65.3,65.19 1 9
github.com/jojoarianto/vending-machine-cli/utils/msgbuilder.go:58.21,60.4 1 3
github.com/jojoarianto/vending-machine-cli/utils/msgbuilder.go:62.51,64.4 1 2
github.com/jojoarianto/vending-machine-cli/utils/msgbuilder.go:72.48,74.35 2 1
github.com/jojoarianto/vending-machine-cli/utils/msgbuilder.go:79.2,79.29 1 0
github.com/jojoarianto/vending-machine-cli/utils/msgbuilder.go:84.2,84.12 1 0
github.com/jojoarianto/vending-machine-cli/utils/msgbuilder.go:74.35,77.3 2 1
github.com/jojoarianto/vending-machine-cli/utils/msgbuilder.go:79.29,82.3 2 0
github.com/jojoarianto/vending-machine-cli/utils/msgbuilder.go:87.48,89.35 2 2
github.com/jojoarianto/vending-machine-cli/utils/msgbuilder.go:94.2,94.29 1 1
github.com/jojoarianto/vending-machine-cli/utils/msgbuilder.go:103.2,103.12 1 1
github.com/jojoarianto/vending-machine-cli/utils/msgbuilder.go:89.35,92.3 2 1
github.com/jojoarianto/vending-machine-cli/utils/msgbuilder.go:94.29,96.21 2 2
github.com/jojoarianto/vending-machine-cli/utils/msgbuilder.go:100.3,100.19 1 2
github.com/jojoarianto/vending-machine-cli/utils/msgbuilder.go:96.21,98.4 1 0
github.com/jojoarianto/vending-machine-cli/utils/msgbuilder.go:109.23,123.2 2 0
github.com/jojoarianto/vending-machine-cli/service/vending.go:22.66,24.2 1 5
github.com/jojoarianto/vending-machine-cli/service/vending.go:29.63,31.37 1 2
github.com/jojoarianto/vending-machine-cli/service/vending.go:35.2,36.12 2 2
github.com/jojoarianto/vending-machine-cli/service/vending.go:31.37,33.3 1 0
github.com/jojoarianto/vending-machine-cli/service/vending.go:42.67,52.50 3 0
github.com/jojoarianto/vending-machine-cli/service/vending.go:82.2,84.12 3 0
github.com/jojoarianto/vending-machine-cli/service/vending.go:52.50,53.28 1 0
github.com/jojoarianto/vending-machine-cli/service/vending.go:53.28,55.33 1 0
github.com/jojoarianto/vending-machine-cli/service/vending.go:60.4,60.21 1 0
github.com/jojoarianto/vending-machine-cli/service/vending.go:65.4,71.77 6 0
github.com/jojoarianto/vending-machine-cli/service/vending.go:55.33,58.5 2 0
github.com/jojoarianto/vending-machine-cli/service/vending.go:60.21,63.5 2 0
github.com/jojoarianto/vending-machine-cli/service/vending.go:73.9,76.12 2 0
github.com/jojoarianto/vending-machine-cli/service/vending.go:90.51,93.2 2 1
github.com/jojoarianto/vending-machine-cli/service/vending.go:99.54,105.2 5 1
github.com/jojoarianto/vending-machine-cli/service/vending.go:110.51,113.2 2 1
